{
  "RSpec": {
    "coverage": {
      "/Users/sidraiqbal/Documents/Chitter-DMs/spec/dm_repository_spec.rb": {
        "lines": [
          1,
          1,
          null,
          1,
          1,
          1,
          1,
          null,
          null,
          1,
          1,
          1,
          null,
          null,
          1,
          1,
          null,
          1,
          1,
          null,
          1,
          1,
          null,
          1,
          1,
          null,
          null
        ]
      },
      "/Users/sidraiqbal/Documents/Chitter-DMs/lib/dm_repository.rb": {
        "lines": [
          1,
          null,
          1,
          1,
          2,
          null,
          2,
          2,
          null,
          2,
          null,
          2,
          3,
          null,
          null,
          2,
          null,
          null,
          1,
          3,
          3,
          3,
          3,
          3,
          3,
          3,
          null,
          null,
          null
        ]
      },
      "/Users/sidraiqbal/Documents/Chitter-DMs/lib/dm.rb": {
        "lines": [
          1,
          1,
          null
        ]
      },
      "/Users/sidraiqbal/Documents/Chitter-DMs/spec/integration/app_spec.rb": {
        "lines": [
          1,
          1,
          1,
          null,
          1,
          1,
          null,
          4,
          null,
          1,
          3,
          3,
          3,
          null,
          null,
          1,
          3,
          null,
          null,
          1,
          1,
          1,
          1,
          1,
          null,
          1,
          1,
          null,
          1,
          1,
          1,
          null,
          null,
          1,
          1,
          null,
          1,
          1,
          null,
          null,
          null,
          1,
          1,
          1,
          1,
          1,
          null,
          1,
          1,
          null,
          1,
          null,
          1,
          1,
          1,
          null,
          null,
          null
        ]
      },
      "/Users/sidraiqbal/Documents/Chitter-DMs/app.rb": {
        "lines": [
          1,
          1,
          1,
          1,
          1,
          null,
          1,
          null,
          1,
          null,
          null,
          1,
          1,
          1,
          1,
          1,
          null,
          null,
          1,
          2,
          2,
          2,
          null,
          null,
          null,
          1,
          2,
          2,
          2,
          2,
          null,
          0,
          0,
          null,
          null,
          null,
          1,
          0,
          0,
          null,
          null,
          1,
          4,
          4,
          null,
          null,
          1,
          1,
          1,
          1,
          1,
          1,
          null,
          null,
          null,
          null,
          null,
          null,
          null,
          null,
          null,
          null,
          null
        ]
      },
      "/Users/sidraiqbal/Documents/Chitter-DMs/lib/user_repository.rb": {
        "lines": [
          1,
          null,
          1,
          1,
          2,
          2,
          null,
          2,
          null,
          16,
          2,
          null,
          null,
          1,
          2,
          2,
          null,
          2,
          16,
          2,
          null,
          null,
          null,
          null,
          null,
          null,
          null,
          null,
          1,
          8,
          8,
          8,
          null,
          8,
          null,
          null,
          1,
          5,
          null,
          null,
          5,
          5,
          null,
          5,
          null,
          11,
          5,
          null,
          null,
          1,
          1,
          null,
          1,
          1,
          null,
          null,
          null,
          1,
          1,
          null,
          1,
          1,
          null,
          null,
          null,
          1,
          2,
          2,
          2,
          2,
          null,
          null,
          1,
          null,
          1,
          16,
          16,
          16,
          16,
          16,
          null,
          null
        ]
      },
      "/Users/sidraiqbal/Documents/Chitter-DMs/lib/user.rb": {
        "lines": [
          1,
          1,
          null
        ]
      },
      "/Users/sidraiqbal/Documents/Chitter-DMs/spec/user_repository_spec.rb": {
        "lines": [
          1,
          null,
          1,
          7,
          7,
          7,
          null,
          null,
          1,
          1,
          7,
          null,
          null,
          1,
          1,
          1,
          1,
          null,
          1,
          1,
          1,
          1,
          1,
          null,
          null,
          null,
          1,
          1,
          1,
          1,
          null,
          1,
          null,
          1,
          1,
          null,
          1,
          null,
          null,
          null,
          1,
          1,
          1,
          1,
          null,
          1,
          1,
          null,
          null,
          1,
          1,
          1,
          null,
          1,
          null,
          null,
          null,
          1,
          1,
          1,
          1,
          1,
          null,
          1,
          1,
          null,
          null,
          null,
          1,
          1,
          1,
          1,
          1,
          null,
          1,
          1,
          null,
          null,
          null,
          1,
          1,
          1,
          1,
          null,
          null
        ]
      }
    },
    "timestamp": 1681475156
  }
}
