{
  "RSpec": {
    "coverage": {
      "/Users/pablo/projects/makers/Chitter-DMs/spec/dm_repository_spec.rb": {
        "lines": [
          1,
          1,
          null,
          1,
          1,
          1,
          1,
          null,
          null,
          1,
          1,
          1,
          null,
          null,
          1,
          1,
          null,
          1,
          1,
          null,
          1,
          1,
          null,
          1,
          1,
          null,
          null
        ]
      },
      "/Users/pablo/projects/makers/Chitter-DMs/lib/dm_repository.rb": {
        "lines": [
          1,
          null,
          1,
          1,
          2,
          null,
          2,
          2,
          null,
          2,
          null,
          2,
          3,
          null,
          null,
          2,
          null,
          null,
          1,
          3,
          3,
          3,
          3,
          3,
          3,
          3,
          null,
          null,
          null
        ]
      },
      "/Users/pablo/projects/makers/Chitter-DMs/lib/dm.rb": {
        "lines": [
          1,
          1,
          null
        ]
      },
      "/Users/pablo/projects/makers/Chitter-DMs/spec/integration/app_spec.rb": {
        "lines": [
          1,
          1,
          1,
          null,
          1,
          1,
          null,
          3,
          null,
          1,
          2,
          2,
          2,
          null,
          null,
          1,
          2,
          null,
          null,
          1,
          1,
          1,
          1,
          1,
          null,
          1,
          1,
          null,
          1,
          1,
          1,
          null,
          null,
          1,
          1,
          null,
          1,
          1,
          null,
          null,
          null
        ]
      },
      "/Users/pablo/projects/makers/Chitter-DMs/app.rb": {
        "lines": [
          1,
          1,
          1,
          1,
          1,
          null,
          1,
          null,
          1,
          null,
          null,
          1,
          1,
          1,
          1,
          1,
          null,
          null,
          1,
          1,
          1,
          1,
          null,
          null,
          null,
          1,
          1,
          1,
          1,
          1,
          null,
          0,
          0,
          null,
          null,
          null,
          1,
          0,
          0,
          null,
          null,
          1,
          3,
          3,
          null,
          null
        ]
      },
      "/Users/pablo/projects/makers/Chitter-DMs/lib/user_repository.rb": {
        "lines": [
          1,
          null,
          1,
          1,
          1,
          1,
          null,
          1,
          null,
          8,
          1,
          null,
          null,
          1,
          1,
          1,
          null,
          1,
          8,
          1,
          null,
          null,
          null,
          null,
          null,
          null,
          null,
          null,
          1,
          3,
          3,
          3,
          3,
          3,
          3,
          null,
          null,
          1,
          2,
          null,
          null,
          2,
          2,
          null,
          2,
          null,
          3,
          2,
          null,
          null,
          1,
          null,
          1,
          7,
          7,
          7,
          7,
          7,
          7,
          null,
          null,
          null
        ]
      },
      "/Users/pablo/projects/makers/Chitter-DMs/lib/user.rb": {
        "lines": [
          1,
          1,
          null
        ]
      },
      "/Users/pablo/projects/makers/Chitter-DMs/spec/user_repository_spec.rb": {
        "lines": [
          1,
          null,
          1,
          5,
          5,
          5,
          null,
          null,
          1,
          1,
          5,
          null,
          null,
          1,
          1,
          1,
          1,
          null,
          1,
          1,
          1,
          1,
          1,
          null,
          null,
          null,
          1,
          1,
          1,
          1,
          null,
          1,
          null,
          null,
          1,
          1,
          1,
          null,
          1,
          null,
          null,
          null,
          1,
          1,
          1,
          1,
          null,
          1,
          1,
          null,
          null,
          1,
          1,
          1,
          null,
          1,
          null,
          null,
          null
        ]
      }
    },
    "timestamp": 1681404158
  }
}
